instantPhotoShare/build/outputs/logs/manifest-merger-debug-report.txt
-- Merging decision tree log ---
manifest
ADDED from src\main\AndroidManifest.xml:2:1-113:12
	package
		ADDED from src\main\AndroidManifest.xml:3:5-36
		INJECTED from src\main\AndroidManifest.xml
		INJECTED from src\main\AndroidManifest.xml
	android:versionName
		ADDED from src\main\AndroidManifest.xml:5:5-30
		INJECTED from src\main\AndroidManifest.xml
		INJECTED from src\main\AndroidManifest.xml
	android:versionCode
		ADDED from src\main\AndroidManifest.xml:4:5-28
		INJECTED from src\main\AndroidManifest.xml
		INJECTED from src\main\AndroidManifest.xml
	xmlns:android
		ADDED from src\main\AndroidManifest.xml:2:11-69
uses-sdk
ADDED from src\main\AndroidManifest.xml:7:5-9:41
MERGED from [ShareBear:tools:unspecified] AndroidManifest.xml:7:5-9:41
	android:targetSdkVersion
		ADDED from src\main\AndroidManifest.xml:9:9-38
		INJECTED from src\main\AndroidManifest.xml
		INJECTED from src\main\AndroidManifest.xml
	android:minSdkVersion
		ADDED from src\main\AndroidManifest.xml:8:9-35
		INJECTED from src\main\AndroidManifest.xml
		INJECTED from src\main\AndroidManifest.xml
uses-permission#android.permission.READ_PHONE_STATE
ADDED from src\main\AndroidManifest.xml:11:5-75
	android:name
		ADDED from src\main\AndroidManifest.xml:11:22-72
uses-permission#android.permission.READ_CONTACTS
ADDED from src\main\AndroidManifest.xml:12:5-72
	android:name
		ADDED from src\main\AndroidManifest.xml:12:22-69
uses-permission#android.permission.GET_ACCOUNTS
ADDED from src\main\AndroidManifest.xml:13:5-71
	android:name
		ADDED from src\main\AndroidManifest.xml:13:22-68
uses-permission#android.permission.INTERNET
ADDED from src\main\AndroidManifest.xml:14:5-67
	android:name
		ADDED from src\main\AndroidManifest.xml:14:22-64
uses-permission#android.permission.CAMERA
ADDED from src\main\AndroidManifest.xml:15:5-65
	android:name
		ADDED from src\main\AndroidManifest.xml:15:22-62
uses-permission#android.permission.WRITE_EXTERNAL_STORAGE
ADDED from src\main\AndroidManifest.xml:16:5-81
	android:name
		ADDED from src\main\AndroidManifest.xml:16:22-78
uses-permission#com.android.launcher.permission.INSTALL_SHORTCUT
ADDED from src\main\AndroidManifest.xml:17:5-88
	android:name
		ADDED from src\main\AndroidManifest.xml:17:22-85
uses-permission#android.permission.RECEIVE_BOOT_COMPLETED
ADDED from src\main\AndroidManifest.xml:18:5-81
	android:name
		ADDED from src\main\AndroidManifest.xml:18:22-78
uses-permission#android.permission.WAKE_LOCK
ADDED from src\main\AndroidManifest.xml:19:5-68
	android:name
		ADDED from src\main\AndroidManifest.xml:19:22-65
uses-feature#android.hardware.camera
ADDED from src\main\AndroidManifest.xml:21:5-84
	android:required
		ADDED from src\main\AndroidManifest.xml:21:58-82
	android:name
		ADDED from src\main\AndroidManifest.xml:21:19-57
uses-feature#android.hardware.camera.autofocus
ADDED from src\main\AndroidManifest.xml:22:5-94
	android:required
		ADDED from src\main\AndroidManifest.xml:22:68-92
	android:name
		ADDED from src\main\AndroidManifest.xml:22:19-67
uses-feature#android.hardware.touchscreen
ADDED from src\main\AndroidManifest.xml:23:5-89
	android:required
		ADDED from src\main\AndroidManifest.xml:23:63-87
	android:name
		ADDED from src\main\AndroidManifest.xml:23:19-62
application
ADDED from src\main\AndroidManifest.xml:26:5-111:19
MERGED from [ShareBear:tools:unspecified] AndroidManifest.xml:11:5-21:19
	android:label
		ADDED from src\main\AndroidManifest.xml:28:9-41
	android:icon
		ADDED from src\main\AndroidManifest.xml:27:9-39
activity#com.instantPhotoShare.Activities.InitialLaunch
ADDED from src\main\AndroidManifest.xml:29:9-42:20
	android:label
		ADDED from src\main\AndroidManifest.xml:31:13-45
	android:name
		ADDED from src\main\AndroidManifest.xml:30:13-53
intent-filter#android.intent.action.MAIN+android.intent.category.LAUNCHER
ADDED from src\main\AndroidManifest.xml:32:13-36:29
action#android.intent.action.MAIN
ADDED from src\main\AndroidManifest.xml:33:17-69
	android:name
		ADDED from src\main\AndroidManifest.xml:33:25-66
category#android.intent.category.LAUNCHER
ADDED from src\main\AndroidManifest.xml:35:17-77
	android:name
		ADDED from src\main\AndroidManifest.xml:35:27-74
intent-filter#android.intent.action.CREATE_SHORTCUT+android.intent.category.DEFAULT
ADDED from src\main\AndroidManifest.xml:37:13-41:29
action#android.intent.action.CREATE_SHORTCUT
ADDED from src\main\AndroidManifest.xml:38:17-80
	android:name
		ADDED from src\main\AndroidManifest.xml:38:25-77
category#android.intent.category.DEFAULT
ADDED from src\main\AndroidManifest.xml:40:17-76
	android:name
		ADDED from src\main\AndroidManifest.xml:40:27-73
activity#com.instantPhotoShare.Activities.MainScreen
ADDED from src\main\AndroidManifest.xml:43:9-59
	android:name
		ADDED from src\main\AndroidManifest.xml:43:19-56
activity#com.instantPhotoShare.Activities.FirstTimeUseScreen
ADDED from src\main\AndroidManifest.xml:44:9-67
	android:name
		ADDED from src\main\AndroidManifest.xml:44:19-64
activity#com.instantPhotoShare.Activities.AddUsersToGroup
ADDED from src\main\AndroidManifest.xml:45:9-64
	android:name
		ADDED from src\main\AndroidManifest.xml:45:19-61
activity#com.instantPhotoShare.Activities.ManageGroups
ADDED from src\main\AndroidManifest.xml:46:9-61
	android:name
		ADDED from src\main\AndroidManifest.xml:46:19-58
activity#com.instantPhotoShare.Activities.Preferences
ADDED from src\main\AndroidManifest.xml:47:9-60
	android:name
		ADDED from src\main\AndroidManifest.xml:47:19-57
activity#com.instantPhotoShare.Activities.EnterIdentifyingInformation
ADDED from src\main\AndroidManifest.xml:48:9-50:57
	android:windowSoftInputMode
		ADDED from src\main\AndroidManifest.xml:50:13-54
	android:name
		ADDED from src\main\AndroidManifest.xml:49:13-67
activity#com.instantPhotoShare.Activities.LoginScreen
ADDED from src\main\AndroidManifest.xml:51:9-53:57
	android:windowSoftInputMode
		ADDED from src\main\AndroidManifest.xml:53:13-54
	android:name
		ADDED from src\main\AndroidManifest.xml:52:13-51
activity#com.instantPhotoShare.Activities.NotificationsScreen
ADDED from src\main\AndroidManifest.xml:54:9-68
	android:name
		ADDED from src\main\AndroidManifest.xml:54:19-65
activity#com.instantPhotoShare.Activities.CreateGroup
ADDED from src\main\AndroidManifest.xml:55:9-60
	android:name
		ADDED from src\main\AndroidManifest.xml:55:19-57
activity#com.instantPhotoShare.Activities.GroupGallery
ADDED from src\main\AndroidManifest.xml:56:9-61
	android:name
		ADDED from src\main\AndroidManifest.xml:56:19-58
activity#com.instantPhotoShare.Activities.TakePicture
ADDED from src\main\AndroidManifest.xml:57:9-66:20
	android:label
		ADDED from src\main\AndroidManifest.xml:61:13-46
	android:configChanges
		ADDED from src\main\AndroidManifest.xml:59:13-63
	android:icon
		ADDED from src\main\AndroidManifest.xml:60:13-59
	android:name
		ADDED from src\main\AndroidManifest.xml:58:13-51
activity#com.instantPhotoShare.Activities.CreateCustomCamShortcut
ADDED from src\main\AndroidManifest.xml:67:9-75:20
	android:label
		ADDED from src\main\AndroidManifest.xml:70:13-45
	android:icon
		ADDED from src\main\AndroidManifest.xml:69:13-59
	android:name
		ADDED from src\main\AndroidManifest.xml:68:13-63
activity#com.instantPhotoShare.Activities.ShareFromeIntent
ADDED from src\main\AndroidManifest.xml:76:9-90:20
	android:label
		ADDED from src\main\AndroidManifest.xml:79:13-39
	android:icon
		ADDED from src\main\AndroidManifest.xml:78:13-43
	android:name
		ADDED from src\main\AndroidManifest.xml:77:13-58
intent-filter#android.intent.action.SEND_MULTIPLE+android.intent.category.DEFAULT
ADDED from src\main\AndroidManifest.xml:80:13-84:26
action#android.intent.action.SEND_MULTIPLE
ADDED from src\main\AndroidManifest.xml:81:14-75
	android:name
		ADDED from src\main\AndroidManifest.xml:81:22-72
data
ADDED from src\main\AndroidManifest.xml:83:14-49
	android:mimeType
		ADDED from src\main\AndroidManifest.xml:83:20-46
intent-filter#android.intent.action.SEND+android.intent.category.DEFAULT
ADDED from src\main\AndroidManifest.xml:85:10-89:26
action#android.intent.action.SEND
ADDED from src\main\AndroidManifest.xml:86:14-66
	android:name
		ADDED from src\main\AndroidManifest.xml:86:22-63
activity#com.instantPhotoShare.Activities.InsideGroupGallery
ADDED from src\main\AndroidManifest.xml:91:9-67
	android:name
		ADDED from src\main\AndroidManifest.xml:91:19-64
activity#com.instantPhotoShare.Activities.SinglePictureGallery
ADDED from src\main\AndroidManifest.xml:92:9-69
	android:name
		ADDED from src\main\AndroidManifest.xml:92:19-66
activity#com.tools.MessageDialog
ADDED from src\main\AndroidManifest.xml:93:9-95:66
	android:configChanges
		ADDED from src\main\AndroidManifest.xml:95:13-63
	android:name
		ADDED from src\main\AndroidManifest.xml:94:13-51
receiver#com.instantPhotoShare.AutoStart
ADDED from src\main\AndroidManifest.xml:97:9-101:20
	android:name
		ADDED from src\main\AndroidManifest.xml:97:19-44
intent-filter#android.intent.action.BOOT_COMPLETED
ADDED from src\main\AndroidManifest.xml:98:13-100:29
action#android.intent.action.BOOT_COMPLETED
ADDED from src\main\AndroidManifest.xml:99:17-79
	android:name
		ADDED from src\main\AndroidManifest.xml:99:25-76
receiver#com.instantPhotoShare.Alarm
ADDED from src\main\AndroidManifest.xml:102:9-106:20
	android:name
		ADDED from src\main\AndroidManifest.xml:102:19-40
intent-filter#com.instantPhotoShare.myAction
ADDED from src\main\AndroidManifest.xml:103:13-105:29
action#com.instantPhotoShare.myAction
ADDED from src\main\AndroidManifest.xml:104:17-73
	android:name
		ADDED from src\main\AndroidManifest.xml:104:25-70
service#com.instantPhotoShare.MyService
ADDED from src\main\AndroidManifest.xml:108:9-110:38
	android:enabled
		ADDED from src\main\AndroidManifest.xml:110:13-35
	android:name
		ADDED from src\main\AndroidManifest.xml:109:13-38
activity#com.tools.ToolsActivity
ADDED from [ShareBear:tools:unspecified] AndroidManifest.xml:12:9-20:20
	android:label
		ADDED from [ShareBear:tools:unspecified] AndroidManifest.xml:14:13-45
	android:name
		ADDED from [ShareBear:tools:unspecified] AndroidManifest.xml:13:13-51